
============================== Collecting inputs ==============================


                   ----------Processing X-ray data----------                   

F-obs:
  /Users/Zheng/qrefine/mtz/2ol9.mtz:FOBS,SIGFOBS
Miller array info: /Users/Zheng/qrefine/mtz/2ol9.mtz:FOBS,SIGFOBS
Observation type: xray.amplitude
Type of data: double, size=2680
Type of sigmas: double, size=2680
Number of Miller indices: 2680
Anomalous flag: False
Unit cell: (14.002, 4.879, 15.1, 75.234, 75.88, 78.894)
Space group: P 1 (No. 1)
Systematic absences: 0
Centric reflections: 0
Resolution range: 13.4469 0.850889
Completeness in resolution range: 0.821078
Completeness with d_max=infinity: 0.820827
Wavelength: 0.0000

Number of F-obs in resolution range:                   2680
Number of F-obs<0 (these reflections will be rejected): 0
Number of F-obs=0 (these reflections will be used in refinement): 0
Refinement resolution range: d_max =  13.4469
                             d_min =   0.8509

R-free flags:
  /Users/Zheng/qrefine/mtz/2ol9.mtz:R-free-flags
Miller array info: /Users/Zheng/qrefine/mtz/2ol9.mtz:R-free-flags
Observation type: None
Type of data: int, size=3264
Type of sigmas: None
Number of Miller indices: 3264
Anomalous flag: False
Unit cell: (14.002, 4.879, 15.1, 75.234, 75.88, 78.894)
Space group: P 1 (No. 1)
Systematic absences: 0
Centric reflections: 0
Resolution range: 13.4469 0.850889
Completeness in resolution range: 1
Completeness with d_max=infinity: 0.999694
Wavelength: 0.0000

Test (R-free flags) flag value: 0

Number of work/free reflections by resolution:
                                      work free  %free
  bin  1: 13.4486 -  1.8318 [312/325]  295   17   5.4%
  bin  2:  1.8318 -  1.4545 [309/332]  293   16   5.2%
  bin  3:  1.4545 -  1.2708 [320/320]  301   19   5.9%
  bin  4:  1.2708 -  1.1547 [280/326]  259   21   7.5%
  bin  5:  1.1547 -  1.0720 [295/329]  281   14   4.7%
  bin  6:  1.0720 -  1.0088 [310/311]  299   11   3.5%
  bin  7:  1.0088 -  0.9583 [304/329]  295    9   3.0%
  bin  8:  0.9583 -  0.9166 [262/329]  252   10   3.8%
  bin  9:  0.9166 -  0.8813 [176/333]  165   11   6.2%
  bin 10:  0.8813 -  0.8509 [112/330]  106    6   5.4%
                              overall 2546  134   5.0%

                   ----------Processing PDB file(s)----------                  

  Monomer Library directory:
    "/Applications/phenix-1.10-2155/modules/chem_data/mon_lib"
  Total number of atoms: 108
  Number of models: 1
  Model: ""
    Number of chains: 2
    Chain: "A"
      Number of atoms: 93
      Number of conformers: 1
      Conformer: ""
        Number of residues, atoms: 6, 93
          Classifications: {'peptide': 6}
          Modifications used: {'COO': 1, 'NH3': 1}
          Link IDs: {'TRANS': 5}
    Chain: "A"
      Number of atoms: 15
      Number of conformers: 1
      Conformer: ""
        Number of residues, atoms: 5, 15
          Classifications: {'water': 5}
          Link IDs: {None: 4}
  Time building chain proxies: 0.07, per 1000 atoms: 0.65
  Number of scatterers: 108
  At special positions: 0
  Unit cell: (14.002, 4.879, 15.1, 75.234, 75.88, 78.894)
  Space group: P 1 (No. 1)
  Number of sites at special positions: 0
  Number of scattering types: 4
    Type Number    sf(0)
     O      17      8.00
     N      10      7.00
     C      29      6.00
     H      52      1.00
    sf(0) = scattering factor at diffraction angle 0.

  Number of disulfides: simple=0, symmetry=0

  Automatic linking
    Parameters for automatic linking
      Linking & cutoffs
        Metal                : False - 3.50
        Amimo acid           : False - 1.90
        Carbohydrate         : True  - 1.99
        Ligands              : True  - 1.99
        Amino acid - RNA/DNA : False
      
  Number of custom bonds: simple=0, symmetry=0
  Time building additional restraints: 0.04
  Conformation dependent library (CDL) restraints added in 1.8 milliseconds
  
  Adding C-beta torsion restraints...
  Number of C-beta restraints generated:  12
  Time building geometry restraints manager: 0.04 seconds

  NOTE: a complete listing of the restraints can be obtained by requesting
        output of .geo file.

  Histogram of bond lengths:
        0.84 -     0.98: 52
        0.98 -     1.12: 0
        1.12 -     1.26: 11
        1.26 -     1.40: 15
        1.40 -     1.54: 25
  Bond restraints: 103
  Sorted by residual:
  bond pdb=" C   PHE A   6 "
       pdb=" OXT PHE A   6 "
    ideal  model  delta    sigma   weight residual
    1.231  1.251 -0.020 2.00e-02 2.50e+03 9.80e-01
  bond pdb=" C   PHE A   6 "
       pdb=" O   PHE A   6 "
    ideal  model  delta    sigma   weight residual
    1.231  1.248 -0.017 2.00e-02 2.50e+03 7.55e-01
  bond pdb=" C   ASN A   5 "
       pdb=" N   PHE A   6 "
    ideal  model  delta    sigma   weight residual
    1.329  1.318  0.011 1.40e-02 5.10e+03 5.82e-01
  bond pdb=" CG  ASN A   2 "
       pdb=" OD1 ASN A   2 "
    ideal  model  delta    sigma   weight residual
    1.231  1.242 -0.011 1.90e-02 2.77e+03 3.59e-01
  bond pdb=" CB  ASN A   5 "
       pdb=" CG  ASN A   5 "
    ideal  model  delta    sigma   weight residual
    1.516  1.502  0.014 2.50e-02 1.60e+03 3.33e-01
  ... (remaining 98 not shown)

  Histogram of bond angle deviations from ideal:
      106.62 -   110.12: 71
      110.12 -   113.61: 20
      113.61 -   117.10: 13
      117.10 -   120.60: 34
      120.60 -   124.09: 27
  Bond angle restraints: 165
  Sorted by residual:
  angle pdb=" CA  ASN A   5 "
        pdb=" CB  ASN A   5 "
        pdb=" CG  ASN A   5 "
      ideal   model   delta    sigma   weight residual
     112.60  110.28    2.32 1.00e+00 1.00e+00 5.40e+00
  angle pdb=" O   PHE A   6 "
        pdb=" C   PHE A   6 "
        pdb=" OXT PHE A   6 "
      ideal   model   delta    sigma   weight residual
     118.00  123.40   -5.40 3.00e+00 1.11e-01 3.24e+00
  angle pdb=" CA  PHE A   6 "
        pdb=" C   PHE A   6 "
        pdb=" OXT PHE A   6 "
      ideal   model   delta    sigma   weight residual
     121.00  116.60    4.40 3.00e+00 1.11e-01 2.15e+00
  angle pdb=" N   ASN A   2 "
        pdb=" CA  ASN A   2 "
        pdb=" C   ASN A   2 "
      ideal   model   delta    sigma   weight residual
     109.24  111.61   -2.37 1.67e+00 3.59e-01 2.01e+00
  angle pdb=" C   ASN A   2 "
        pdb=" CA  ASN A   2 "
        pdb=" CB  ASN A   2 "
      ideal   model   delta    sigma   weight residual
     109.35  106.95    2.40 1.98e+00 2.55e-01 1.48e+00
  ... (remaining 160 not shown)

  Histogram of dihedral angle deviations from ideal:
        0.23 -    13.34: 36
       13.34 -    26.46: 1
       26.46 -    39.57: 2
       39.57 -    52.68: 0
       52.68 -    65.79: 1
  Dihedral angle restraints: 40
    sinusoidal: 18
      harmonic: 22
  Sorted by residual:
  dihedral pdb=" CA  SER A   1 "
           pdb=" C   SER A   1 "
           pdb=" N   ASN A   2 "
           pdb=" CA  ASN A   2 "
      ideal   model   delta  harmonic     sigma   weight residual
    -180.00 -169.14  -10.86     0      5.00e+00 4.00e-02 4.72e+00
  dihedral pdb=" CB  GLN A   3 "
           pdb=" CG  GLN A   3 "
           pdb=" CD  GLN A   3 "
           pdb=" OE1 GLN A   3 "
      ideal   model   delta sinusoidal    sigma   weight residual
       0.00   65.79  -65.79     2      3.00e+01 1.11e-03 4.44e+00
  dihedral pdb=" CA  ASN A   2 "
           pdb=" C   ASN A   2 "
           pdb=" N   GLN A   3 "
           pdb=" CA  GLN A   3 "
      ideal   model   delta  harmonic     sigma   weight residual
     180.00  171.10    8.90     0      5.00e+00 4.00e-02 3.17e+00
  ... (remaining 37 not shown)

  Histogram of chiral volume deviations from ideal:
       0.018 -    0.040: 2
       0.040 -    0.062: 1
       0.062 -    0.083: 2
       0.083 -    0.105: 0
       0.105 -    0.127: 1
  Chirality restraints: 6
  Sorted by residual:
  chirality pdb=" CA  ASN A   4 "
            pdb=" N   ASN A   4 "
            pdb=" C   ASN A   4 "
            pdb=" CB  ASN A   4 "
    both_signs  ideal   model   delta    sigma   weight residual
      False      2.51    2.64   -0.13 2.00e-01 2.50e+01 4.04e-01
  chirality pdb=" CA  ASN A   2 "
            pdb=" N   ASN A   2 "
            pdb=" C   ASN A   2 "
            pdb=" CB  ASN A   2 "
    both_signs  ideal   model   delta    sigma   weight residual
      False      2.51    2.58   -0.07 2.00e-01 2.50e+01 1.37e-01
  chirality pdb=" CA  ASN A   5 "
            pdb=" N   ASN A   5 "
            pdb=" C   ASN A   5 "
            pdb=" CB  ASN A   5 "
    both_signs  ideal   model   delta    sigma   weight residual
      False      2.51    2.58   -0.07 2.00e-01 2.50e+01 1.28e-01
  ... (remaining 3 not shown)

  Planarity restraints: 20
  Sorted by residual:
                                 delta    sigma   weight rms_deltas residual
  plane pdb=" CA  ASN A   2 "   -0.006 2.00e-02 2.50e+03   1.24e-02 1.54e+00
        pdb=" C   ASN A   2 "    0.021 2.00e-02 2.50e+03
        pdb=" O   ASN A   2 "   -0.008 2.00e-02 2.50e+03
        pdb=" N   GLN A   3 "   -0.007 2.00e-02 2.50e+03
                                 delta    sigma   weight rms_deltas residual
  plane pdb=" CA  ASN A   5 "    0.004 2.00e-02 2.50e+03   9.03e-03 8.15e-01
        pdb=" C   ASN A   5 "   -0.016 2.00e-02 2.50e+03
        pdb=" O   ASN A   5 "    0.006 2.00e-02 2.50e+03
        pdb=" N   PHE A   6 "    0.005 2.00e-02 2.50e+03
                                 delta    sigma   weight rms_deltas residual
  plane pdb=" CB  ASN A   5 "    0.004 2.00e-02 2.50e+03   8.57e-03 7.35e-01
        pdb=" CG  ASN A   5 "   -0.015 2.00e-02 2.50e+03
        pdb=" OD1 ASN A   5 "    0.006 2.00e-02 2.50e+03
        pdb=" ND2 ASN A   5 "    0.005 2.00e-02 2.50e+03
  ... (remaining 17 not shown)

  Histogram of nonbonded interaction distances:
        1.78 -     2.40: 78
        2.40 -     3.03: 367
        3.03 -     3.65: 671
        3.65 -     4.27: 1076
        4.27 -     4.90: 1726
  Nonbonded interactions: 3918
  Sorted by model distance:
  nonbonded pdb=" HG  SER A   1 "
            pdb="HD21 ASN A   4 "
     model   vdw sym.op.
     1.779 2.100 x+1,y,z
  nonbonded pdb=" H1  SER A   1 "
            pdb=" OXT PHE A   6 "
     model   vdw sym.op.
     1.845 1.970 x+1,y-1,z+1
  nonbonded pdb=" H2  SER A   1 "
            pdb=" O   HOH A   7 "
     model   vdw
     1.899 1.970
  nonbonded pdb=" O   ASN A   5 "
            pdb=" H   PHE A   6 "
     model   vdw sym.op.
     1.954 1.970 x,y-1,z
  nonbonded pdb=" O   HOH A   8 "
            pdb=" H2  HOH A   9 "
     model   vdw
     1.972 1.970
  ... (remaining 3913 not shown)

  NOTE: a complete listing of the restraints can be obtained by requesting
        output of .geo file.

                   ----------xray_structure summary----------                  

Number of scattering types: 4
  Type Number    sf(0)   Gaussians
   O      17      7.98       3
   N      10      6.98       3
   C      29      5.99       3
   H      52      1.00       3
  sf(0) = scattering factor at diffraction angle 0.
Number of scatterers: 108
At special positions: 0
Unit cell: (14.002, 4.879, 15.1, 75.234, 75.88, 78.894)
Space group: P 1 (No. 1)

End of input processing
Total model structure factor:
  F_model = k_total * (F_calc + k_mask * F_mask)

    k_total = k_isotropic * k_anisotropic
   Resolution    Compl Nwork Nfree R_work    <Fobs>  <Fmodel> kiso   kani kmask
 13.447-2.579    90.91    95     5 0.0380    28.328    28.325 1.000 0.985 0.000
  2.567-2.116    97.12    93     8 0.0346    23.915    23.856 1.000 1.016 0.000
  2.116-1.750   100.00   150     9 0.0354    18.890    18.844 1.000 1.010 0.000
  1.744-1.441    92.58   275    12 0.0458    15.126    15.152 1.000 1.013 0.000
  1.437-1.186    95.53   459    32 0.0485    12.115    12.100 1.000 1.017 0.000
  1.186-0.978    93.74   833    35 0.0562    10.471    10.453 1.000 1.023 0.000
  0.977-0.851    59.07   641    33 0.0993     7.185     7.169 1.000 0.978 0.000

r_work=0.0547 r_free=0.0556
WEIGHT: 1574.75576319
  macro_cycle   0 (sites) r_factor: 0.0544
WEIGHT: 952.385156675
  macro_cycle   1 (sites) r_factor: 0.0546
WEIGHT: 592.698220439
  macro_cycle   2 (sites) r_factor: 0.0548
WEIGHT: 382.31452084
  macro_cycle   3 (sites) r_factor: 0.0558
WEIGHT: 195.032105572
  macro_cycle   4 (sites) r_factor: 0.0572
Time: 28351.1875
